C51 COMPILER V9.50a   BSP_PWM                                                              09/24/2013 14:00:42 PAGE 1   


C51 COMPILER V9.50a, COMPILATION OF MODULE BSP_PWM
OBJECT MODULE PLACED IN .\Obj\bsp_pwm.obj
COMPILER INVOKED BY: D:\Program Files\Keil\C51\BIN\C51.EXE ..\Bsp\bsp_pwm.c LARGE OPTIMIZE(SIZE) BROWSE MODP2 INCDIR(..\
                    -App;..\Bsp) DEBUG OBJECTEXTEND PRINT(.\List\bsp_pwm.lst) OBJECT(.\Obj\bsp_pwm.obj)

line level    source

   1          /*
   2          *   PWM 输出
   3          */
   4          
   5          #include <stc12c5a60s2.h>
   6          
   7          /*********************************************************************************************
   8          函数名：pwmInit
   9          调  用：
  10          参  数：
  11          返回值：
  12          备  注：PWM初始化
  13          **********************************************************************************************/
  14          void pwmInit(void)
  15          {
  16   1              CCON = 0;
  17   1      
  18   1              CL = 0;
  19   1              CH = 0;
  20   1              CMOD = 0x02;  //0x02
  21   1      
  22   1              CCAP0H = CCAP0L = 0xf0;
  23   1              CCAPM0 = 0x42;
  24   1              CCAPM1 = 0;
  25   1      /*
  26   1              CCAP1H = CCAP1L = 0x80;
  27   1              //PCA_PWM1 = 0x03;
  28   1              CCAPM1 = 0x40;  //开始不开启PWM
  29   1      */
  30   1              //CR = 1;
  31   1      }
  32          
  33          void pwmAdd(void)
  34          {
  35   1              CCAP0H -= 5;
  36   1              CCAP0L -= 5;
  37   1      }
  38          
  39          void pwmDec(void)
  40          {
  41   1              CCAP0H += 5;
  42   1              CCAP0L += 5;
  43   1      }
  44          
  45          
  46          void PCA_isr() interrupt 7 
  47          {
  48   1              
  49   1      }


MODULE INFORMATION:   STATIC OVERLAYABLE
   CODE SIZE        =     49    ----
   CONSTANT SIZE    =   ----    ----
C51 COMPILER V9.50a   BSP_PWM                                                              09/24/2013 14:00:42 PAGE 2   

   XDATA SIZE       =   ----    ----
   PDATA SIZE       =   ----    ----
   DATA SIZE        =   ----    ----
   IDATA SIZE       =   ----    ----
   BIT SIZE         =   ----    ----
END OF MODULE INFORMATION.


C51 COMPILATION COMPLETE.  0 WARNING(S),  0 ERROR(S)
