C51 COMPILER V9.50a   BSP_MOTO                                                             09/25/2013 16:44:39 PAGE 1   


C51 COMPILER V9.50a, COMPILATION OF MODULE BSP_MOTO
OBJECT MODULE PLACED IN .\Obj\bsp_moto.obj
COMPILER INVOKED BY: D:\Program Files\Keil\C51\BIN\C51.EXE ..\Bsp\bsp_moto.c LARGE OPTIMIZE(SIZE) BROWSE MODP2 INCDIR(..
                    -\App;..\Bsp) DEBUG OBJECTEXTEND PRINT(.\List\bsp_moto.lst) OBJECT(.\Obj\bsp_moto.obj)

line level    source

   1          /*
   2          *   uln2003/74hc595 驱动MOTO
   3          */
   4          
   5          #include <stc12c5a60s2.h>
   6          #include <intrins.h>
   7          #include "bsp_moto.h"
   8          
   9          //控制管脚定义
  10          sbit HC595_SI = P4^6; //串行输入
  11          sbit HC595_RCK = P2^0;//锁存
  12          sbit HC595_SCK = P2^1;//时钟
  13          
  14          //全局变量声明
  15          motorStruct gmotor;
  16          
  17          
  18          //电机转动的值
  19          unsigned char motoBack_Move[8] = {0x01, 0x03, 0x02, 0x06, 0x04, 0x0c, 0x08, 0x09};  //八拍
  20          unsigned char motoForward_Move[8] = {0x09, 0x08, 0x0c, 0x04, 0x06, 0x02, 0x03, 0x01};
  21          //unsigned char motoBack_Move[8] = {0x03,0x06, 0x0c, 0x09};  //双向四拍
  22          //unsigned char motoForward_Move[8] = {0x09, 0x0c, 0x06, 0x03};
  23          
  24          //unsigned char motoBack_Move[8] = {0x01,0x02, 0x04, 0x08};  //单向
  25          //unsigned char motoForward_Move[8] = {0x08, 0x04, 0x02, 0x01};
  26          
  27          
  28          unsigned char motoForward_YOUR[8] = {0x10, 0x30, 0x20, 0x60, 0x40, 0xc0, 0x80, 0x90};
  29          unsigned char motoBack_YOUR[8] = {0x90, 0x80, 0xc0, 0x40, 0x60, 0x20, 0x30, 0x10};
  30          
  31          
  32          extern void delayMS(unsigned int tim);
  33          /*********************************************************************************************
  34          函数名：bsp_sendDate_595
  35          作  用: 串行发送数据，按位发送
  36          参  数：要发送的数据
  37          返回值：无
  38          **********************************************************************************************/
  39          void bsp_sendDate_595(unsigned char date)
  40          {
  41   1              unsigned char i;
  42   1      
  43   1              for(i = 8; i > 0; i--)
  44   1              {
  45   2                      if((date >> (i - 1)) & 0x01)
  46   2                      {
  47   3                              HC595_SI = 1;
  48   3                      }
  49   2                      else
  50   2                      {
  51   3                              HC595_SI = 0;
  52   3                      }
  53   2      
  54   2                      //上升发送
C51 COMPILER V9.50a   BSP_MOTO                                                             09/25/2013 16:44:39 PAGE 2   

  55   2                      HC595_SCK = 0;
  56   2                      delayMS(2);
  57   2                      
  58   2                      
  59   2                      HC595_SCK = 1;
  60   2              }
  61   1      }
  62          
  63          
  64          /*********************************************************************************************
  65          函数名：bsp_lockDate_595
  66          作  用: 输出口数据锁存
  67          参  数：无
  68          返回值：无
  69          **********************************************************************************************/
  70          void bsp_lockDate_595(void)
  71          {
  72   1              HC595_RCK = 0;
  73   1              delayMS(2);
  74   1              HC595_RCK = 1;
  75   1              delayMS(2);
  76   1              HC595_RCK = 0;
  77   1      }
  78          
  79          
  80          /*********************************************************************************************
  81          函数名：motoRun
  82          作  用: 输出口数据锁存
  83          参  数：motor --- 对应不同的电机   dir -----对应电机运动方向   step ------电机运动的距离
  84          返回值：无
  85          **********************************************************************************************/
  86          void motorRun(motorEnum motor, STATUS dir, unsigned int step)
  87          {
  88   1              unsigned char i;
  89   1      
  90   1              //排水阀
  91   1              if(motor == move_motor)
  92   1              {
  93   2                      while(step--)
  94   2                      {
  95   3                              if(dir == SET)
  96   3                              {
  97   4                                      for(i = 0; i < 8; i++)
  98   4                                      {
  99   5                                              HC595_RCK = 0;
 100   5                                              bsp_sendDate_595(motoForward_Move[i]);
 101   5                                              HC595_RCK = 1;
 102   5      
 103   5                                              //UART_Send_Char(i);
 104   5                                              //UART_Send_Char(motoForward_Move[i]);
 105   5      
 106   5                                              //delayMS(400);
 107   5                                      }
 108   4                              }
 109   3                              else
 110   3                              {
 111   4                                      for(i = 0; i < 8; i++)
 112   4                                      {
 113   5                                              HC595_RCK = 0;
 114   5                                              bsp_sendDate_595(motoBack_Move[i]);
 115   5                                              HC595_RCK = 1;
 116   5                                      }
C51 COMPILER V9.50a   BSP_MOTO                                                             09/25/2013 16:44:39 PAGE 3   

 117   4                              }
 118   3                      }
 119   2              }
 120   1      
 121   1              //喷水管移动电机
 122   1              if(motor == your_motor)
 123   1              {
 124   2                      while(step--)
 125   2                      {
 126   3                              for(i = 0; i < 8; i++)
 127   3                              {
 128   4                                      HC595_RCK = 0;
 129   4                                      if(dir == SET)
 130   4                                      {
 131   5                                              bsp_sendDate_595(motoForward_YOUR[i]);
 132   5                                              //delayMS(5);
 133   5                                      }
 134   4                                      else
 135   4                                      {
 136   5                                              bsp_sendDate_595(motoBack_YOUR[i]);
 137   5                                              //delayMS(5);
 138   5                                      }
 139   4                                      HC595_RCK = 1;
 140   4                              }
 141   3                      }
 142   2              }
 143   1      }
 144          
 145          //电机
 146          void motor(void)
 147          {
 148   1              if(gmotor.moveMotor_f == SET)
 149   1              {
 150   2                      motorRun(move_motor, SET, 400);
 151   2                      gmotor.moveMotor_f = RESET;
 152   2              }
 153   1      
 154   1              if(gmotor.moveMotor_b == SET)
 155   1              {
 156   2                      motorRun(move_motor, RESET, 400);
 157   2                      gmotor.moveMotor_b = RESET;
 158   2              }
 159   1      
 160   1              if(gmotor.yourMotor_f == SET)
 161   1              {
 162   2                      motorRun(your_motor, SET, 400);
 163   2                      gmotor.yourMotor_f = RESET;
 164   2              }
 165   1      
 166   1              if(gmotor.yourMotor_b == SET)
 167   1              {
 168   2                      motorRun(your_motor, RESET, 400);
 169   2                      gmotor.yourMotor_b = RESET;
 170   2              }
 171   1      }
 172          
 173          //test
 174          void  test595(void)
 175          {
 176   1              unsigned char i;
 177   1              
 178   1              for(i = 0; i <8; i++)
C51 COMPILER V9.50a   BSP_MOTO                                                             09/25/2013 16:44:39 PAGE 4   

 179   1              {
 180   2                      HC595_RCK = 0;
 181   2                      bsp_sendDate_595(motoForward_YOUR[i]);
 182   2                      HC595_RCK = 1;
 183   2              }
 184   1      }
 185          
 186          


MODULE INFORMATION:   STATIC OVERLAYABLE
   CODE SIZE        =    412    ----
   CONSTANT SIZE    =   ----    ----
   XDATA SIZE       =     38       8
   PDATA SIZE       =   ----    ----
   DATA SIZE        =   ----    ----
   IDATA SIZE       =   ----    ----
   BIT SIZE         =   ----    ----
END OF MODULE INFORMATION.


C51 COMPILATION COMPLETE.  0 WARNING(S),  0 ERROR(S)
