C51 COMPILER V9.50a   BSP_BUZ                                                              09/24/2013 14:42:51 PAGE 1   


C51 COMPILER V9.50a, COMPILATION OF MODULE BSP_BUZ
OBJECT MODULE PLACED IN .\Obj\bsp_buz.obj
COMPILER INVOKED BY: D:\Program Files\Keil\C51\BIN\C51.EXE ..\Bsp\bsp_buz.c LARGE OPTIMIZE(SIZE) BROWSE MODP2 INCDIR(..\
                    -App;..\Bsp) DEBUG OBJECTEXTEND PRINT(.\List\bsp_buz.lst) OBJECT(.\Obj\bsp_buz.obj)

line level    source

   1          /*
   2          * 蜂鸣器
   3          */
   4          #include <stc12c5a60s2.h>
   5          #include "bsp_pwm.h"
   6          #include "time.h"
   7          
   8          //管脚定义
   9          sbit P44 = P4^4; //低频控制端      NA
  10          sbit P45 = P4^5; //高频控制端   ALE
  11          
  12          //变量定义
  13          volatile unsigned char buzfrz_h, buzfrz_l; //定时器1 定时时间
  14          
  15          code unsigned char FREQH[] = {
  16                                  0xF2, 0xF3, 0xF5, 0xF5, 0xF6, 0xF7, 0xF8,    //低音1234567
  17                                  0xF9, 0xF9, 0xFA, 0xFA, 0xFB, 0xFB, 0xFC, 0xFC,// 
  18                                  0xFC, 0xFD, 0xFD, 0xFD, 0xFD, 0xFE,            //高音 234567
  19                                  0xFE, 0xFE, 0xFE, 0xFE, 0xFE, 0xFE, 0xFF   //超高音 1234567 
  20                                  };
  21          code unsigned char FREQL[] = {
  22                                      0x42, 0xC1, 0x17, 0xB6, 0xD0, 0xD1, 0xB6,//低音1234567
  23                                      0x21, 0xE1, 0x8C, 0xD8, 0x68, 0xE9, 0x5B, 0x8F, //
  24                                      0xEE, 0x44, 0x6B, 0xB4, 0xF4, 0x2D,//高音 234567
  25                                      0x47, 0x77, 0xA2, 0xB6, 0xDA, 0xFA, 0x16   //超高音 1234567
  26                                      };
  27          
  28          /*code unsigned char sszymmh[] = {
  29                  6, 2, 3,  5, 2, 1,  3, 2, 2,  
  30                  5, 2, 2,  1, 3, 2,  6, 2, 1,
  31                  5, 2, 1,  6, 2, 4,  3, 2, 2,
  32                  5, 2, 1,  6, 2, 1,  5, 2, 2,
  33                  3, 2, 2,  1, 2, 1,  6, 1, 1,
  34                  5, 2, 1,  3, 2, 1,  2, 2, 4,
  35                  2, 2, 3,  3, 2, 1,  5, 2, 2,
  36                  5, 2, 1,  6, 2, 1,  3, 2, 2,
  37                  2, 2, 2,  1, 2, 4,  5, 2, 3,
  38                  3, 2, 1,  2, 2, 1,  1, 2, 1,
  39                  6, 1, 1,  1, 2, 1,  5, 1, 6, 
  40                  0, 0, 0
  41                  }; */
  42          code unsigned char sszymmh[] = {
  43                  1, 1, 3,  2, 1, 3,  3, 1, 3,  
  44                  4, 1, 3,  5, 1, 3,  6, 1, 3,
  45                  7, 1, 3,  1, 1, 3,  2, 1, 3,
  46                  3, 1, 3,  4, 1, 3,  5, 1, 3,
  47                  6, 1, 3,  7, 1, 3,  6, 1, 1,
  48                  5, 1, 1,  3, 1, 1,  2, 1, 4,
  49                  2, 2, 3,  3, 2, 1,  5, 2, 2,
  50                  5, 2, 1,  6, 2, 1,  3, 2, 2,
  51                  2, 2, 2,  1, 2, 4,  5, 2, 3,
  52                  3, 2, 1,  2, 2, 1,  1, 2, 1,
  53                  6, 1, 1,  1, 2, 1,  5, 1, 6, 
  54                  0, 0, 0
C51 COMPILER V9.50a   BSP_BUZ                                                              09/24/2013 14:42:51 PAGE 2   

  55                  };
  56                  
  57          
  58          //函数声明
  59          extern void delayMS(unsigned int tim);
  60          
  61          /*
  62          *  蜂鸣高频端控制，定时器中周期调用
  63          */
  64          void BuzProsse(void)
  65          {
  66   1              P45 = !P45;
  67   1              
  68   1              //TH1 = 0x1e;
  69   1              //TL1 = 0x1e;
  70   1      
  71   1              TH1 = buzfrz_h;
  72   1              TL1 = buzfrz_l;
  73   1      }
  74          
  75          
  76          /*
  77          * 开蜂鸣器
  78          */
  79          void BuzOn(void)
  80          {
  81   1              TH1 = 0x1e;  
  82   1              TL1 = 0x1e;
  83   1              
  84   1              P44 = 1;  //开低频
  85   1              delayMS(400);
  86   1              P44 = 0;//关低频
  87   1      
  88   1              //开高频
  89   1              TR1 = 1;
  90   1              delayMS(400);
  91   1              TR0 = 0;
  92   1      
  93   1              TH1 = 0xfd;
  94   1              TL1 = 0xfd;
  95   1      }
  96          
  97          //
  98          void Buz(void)
  99          {
 100   1              P44 = 1;  //开低频
 101   1      }
 102          
 103          
 104          //延时程序，控制发音的时间长度 
 105          void delay(unsigned char t)
 106          {
 107   1              unsigned char t1;
 108   1              unsigned long t2;
 109   1              
 110   1              //双重循环, 共延时t个半拍 
 111   1              for(t1 = 0; t1 < t; t1++) 
 112   1              {
 113   2                      //延时期间, 可进入T0中断去发音 
 114   2              for(t2 = 0; t2 < 8000; t2++)
 115   2                      {
 116   3                      }
C51 COMPILER V9.50a   BSP_BUZ                                                              09/24/2013 14:42:51 PAGE 3   

 117   2              }
 118   1      }
 119          
 120          void BuzOn_1(void)
 121          {
 122   1              unsigned char i, time, tim0, tim1, k;
 123   1      
 124   1              i = 0;
 125   1              time = 1;
 126   1      
 127   1              while(time)
 128   1              {
 129   2                      
 130   2                      k = sszymmh[i] + 7*sszymmh[i+1] - 1;
 131   2      
 132   2                      tim0 = FREQH[k];
 133   2                      tim1 = FREQL[k];
 134   2                      
 135   2      
 136   2                      time = sszymmh[i+2];
 137   2                      i += 3;
 138   2      
 139   2                      //if(i > 9)
 140   2                      {
 141   3                      //      break;  
 142   3                      }
 143   2                      
 144   2                      buzfrz_h = tim0;
 145   2                      buzfrz_l = tim1;
 146   2      
 147   2                      TR1 = 1; //开定时器1中断
 148   2                      delay(time);
 149   2                      TR1 = 0; //关定时器1中断
 150   2              }       
 151   1      }


MODULE INFORMATION:   STATIC OVERLAYABLE
   CODE SIZE        =    239    ----
   CONSTANT SIZE    =    158    ----
   XDATA SIZE       =      2      11
   PDATA SIZE       =   ----    ----
   DATA SIZE        =   ----    ----
   IDATA SIZE       =   ----    ----
   BIT SIZE         =   ----    ----
END OF MODULE INFORMATION.


C51 COMPILATION COMPLETE.  0 WARNING(S),  0 ERROR(S)
