C51 COMPILER V9.50a   MAIN                                                                 09/25/2013 16:44:38 PAGE 1   


C51 COMPILER V9.50a, COMPILATION OF MODULE MAIN
OBJECT MODULE PLACED IN .\Obj\main.obj
COMPILER INVOKED BY: D:\Program Files\Keil\C51\BIN\C51.EXE ..\App\main.c LARGE OPTIMIZE(SIZE) BROWSE MODP2 INCDIR(..\App
                    -;..\Bsp) DEBUG OBJECTEXTEND PRINT(.\List\main.lst) OBJECT(.\Obj\main.obj)

line level    source

   1          /*
   2          *       智能马桶 
   3          *       单片机型号: STC12C5A60S2
   4          *   时间:  2013-7-18
   5          *   版本:  v0.1
   6          */
   7          
   8          #include <stc12c5a60s2.h>
   9          #include "config.h"
  10          
  11          //宏定义
  12          #define ClearWDG()      {WDT_CONTR |= 1 << 4;}  //清看门狗
  13          
  14          //函数声明
  15          static void Init_Board(void);
  16          void delayMS(unsigned int tim);
  17          
  18          extern void motorRun(motorEnum motor, STATUS dir, unsigned int step);
  19          
  20          /*********************************************************************************************
  21          函数名：main
  22          作  用: 程序入口
  23          参  数：无
  24          返回值：无
  25          **********************************************************************************************/
  26          int main(void)
  27          {       
  28   1              ClearWDG(); //关看门狗
  29   1              
  30   1              //资源初始化
  31   1              Init_Board();
  32   1      
  33   1              //系统初始化
  34   1              System_Init();
  35   1              
  36   1              #ifdef debug
  37   1                      UART_Send_String("Start Ok!");
  38   1              #endif
  39   1      
  40   1              TR0 = 1; //开启定时器0
  41   1              EA = 1; //开总中断
  42   1              
  43   1      
  44   1              while(1)
  45   1              {
  46   2              }
  47   1              
  48   1              return 0;
  49   1      }
  50          
  51          
  52          //初始化外围接口
  53          static void Init_Board(void)
  54          {
C51 COMPILER V9.50a   MAIN                                                                 09/25/2013 16:44:38 PAGE 2   

  55   1              /* IO配置 */
  56   1              GPIO_Init();
  57   1              
  58   1              /* 串口初始化 */
  59   1              UART_init();
  60   1      
  61   1              /* 定时器T0 T1初始化 */
  62   1              Tim_init();
  63   1      
  64   1              /* PWM初始化 */
  65   1              pwmInit();
  66   1      
  67   1              /* ADC初始化 */
  68   1              adcInit();
  69   1      }
  70          
  71          
  72          /*********************************************************************************************
  73          函数名：delayMS
  74          作  用: 延时
  75          参  数：延时时间，单位毫秒 
  76          返回值：无
  77          **********************************************************************************************/
  78          void delayMS(unsigned int tim)
  79          {
  80   1              unsigned int i;
  81   1      
  82   1              while(--tim != 0)
  83   1              {
  84   2                      for(i = 0; i < 600; i++)
  85   2                      {
  86   3                      }
  87   2              }
  88   1      }
  89          
  90          
  91          void delay_us(unsigned int tim)
  92          {
  93   1              while(--tim > 0)
  94   1              {
  95   2              }
  96   1      }
  97          


MODULE INFORMATION:   STATIC OVERLAYABLE
   CODE SIZE        =     83    ----
   CONSTANT SIZE    =     10    ----
   XDATA SIZE       =   ----    ----
   PDATA SIZE       =   ----    ----
   DATA SIZE        =   ----    ----
   IDATA SIZE       =   ----    ----
   BIT SIZE         =   ----    ----
END OF MODULE INFORMATION.


C51 COMPILATION COMPLETE.  0 WARNING(S),  0 ERROR(S)
