C51 COMPILER V9.50a   USART                                                                09/24/2013 14:42:51 PAGE 1   


C51 COMPILER V9.50a, COMPILATION OF MODULE USART
OBJECT MODULE PLACED IN .\Obj\usart.obj
COMPILER INVOKED BY: D:\Program Files\Keil\C51\BIN\C51.EXE ..\Bsp\usart.c LARGE OPTIMIZE(SIZE) BROWSE MODP2 INCDIR(..\Ap
                    -p;..\Bsp) DEBUG OBJECTEXTEND PRINT(.\List\usart.lst) OBJECT(.\Obj\usart.obj)

line level    source

   1          /*
   2          *  串口通讯程序
   3          *  作用:打印调试信息，方便程序编写
   4          */
   5          
   6          #include <STC12C5A60S2.h>       //STC12C5AxxS2系列单片机头文件
   7          #include "usart.h"
   8          
   9          /*********************************************************************************************
  10          函数名：UART串口初始化函数
  11          调  用：UART_init();
  12          参  数：无
  13          返回值：无
  14          结  果：启动UART串口接收中断，允许串口接收，启动T/C1产生波特率（占用）
  15          备  注：振荡晶体为11.0592MHz，PC串口端设置 [ 19200，8，无，1，无 ]
  16          **********************************************************************************************/
  17          void UART_init (void)
  18          {
  19   1              //串口接收中断及波特率发生器， 波特率9600
  20   1              SCON = 0x50; //串口工作方式1，允许串口接收（SCON = 0x40 时禁止串口接收）
  21   1              PCON = 0x00; //波特率不加倍
  22   1              BRT = 0xfd; //设置波特率发生器溢出率
  23   1      
  24   1              ES = 1; //开串口中断
  25   1      
  26   1              //AUXR |= 0x04; // 独立波特率发生器工作在1T模式
  27   1              AUXR |= 0x01; //选择独立波特率发生器作为串口1的波特率
  28   1              AUXR |= 0x10; //允许独立波特率发生器运行
  29   1      }
  30          
  31          /*********************************************************************************************
  32          函数名：UART_Send_Char
  33          作  用：发送一个字节数据
  34          参  数：需要UART串口发送的数据（8位/1字节）
  35          返回值：无 
  36          结  果：将参数中的数据发送给UART串口，确认发送完成后退出
  37          备  注：
  38          **********************************************************************************************/
  39          void UART_Send_Char (unsigned char UART_data)
  40          {
  41   1              //定义串口发送数据变量
  42   1              SBUF = UART_data;       //将接收的数据发送回去
  43   1      
  44   1              //检查发送中断标志位
  45   1              while(TI == 0)          
  46   1              {
  47   2              }
  48   1              
  49   1              TI = 0;                 //令发送中断标志位为0（软件清零）
  50   1      }
  51          
  52          
  53          /*********************************************************************************************
  54          函数名：UART_Send_String
C51 COMPILER V9.50a   USART                                                                09/24/2013 14:42:51 PAGE 2   

  55          作  用：
  56          参  数：需要UART串口发送的数据（8位/1字节）
  57          返回值：无 
  58          结  果：向串口发送一个字符串,长度不限。
  59          备  注：例：UART_Send_Char("d9887321$"); 此函数需要#include <string.h>头文件支持。
  60          **********************************************************************************************/
  61          void UART_Send_String (unsigned char *str)
  62          {
  63   1              while(*str != '\0')
  64   1              {
  65   2                      UART_Send_Char(*str);
  66   2                      *str++;
*** WARNING C275 IN LINE 66 OF ..\Bsp\usart.c: expression with possibly no effect
  67   2              }
  68   1              
  69   1              *str = 0;
  70   1      }
  71          
  72          
  73          /*********************************************************************************************
  74          函数名：UART串口接收中断处理函数
  75          调  用：[SBUF收到数据后中断处理]
  76          参  数：无
  77          返回值：无
  78          结  果：UART串口接收到数据时产生中断，用户对数据进行处理（并发送回去）
  79          备  注：过长的处理程序会影响后面数据的接收
  80          **********************************************************************************************/
  81          void UART_Receive(void) interrupt 4  
  82          {
  83   1              //切换寄存器组到1
  84   1              unsigned char UART_data; //定义串口接收数据变量
  85   1              
  86   1              if (RI == 1)
  87   1              {               
  88   2                      //接收中断标志位为1时
  89   2                      UART_data = SBUF;       //接收数据 SBUF 为单片机的接收发送缓冲寄存器
  90   2                      RI = 0;                 //令接收中断标志位为0（软件清零）
  91   2      
  92   2                      //用户函数内容（用户可使用UART_data做数据处理）
  93   2      
  94   2                      //SBUF = UART_data;     //将接收的数据发送回去（删除//即生效）
  95   2                      //while(TI == 0);       //检查发送中断标志位
  96   2                      //TI = 0;               //令发送中断标志位为0（软件清零）
  97   2              }
  98   1      
  99   1      }       
 100          
 101          
 102          


MODULE INFORMATION:   STATIC OVERLAYABLE
   CODE SIZE        =     86    ----
   CONSTANT SIZE    =   ----    ----
   XDATA SIZE       =   ----       1
   PDATA SIZE       =   ----    ----
   DATA SIZE        =   ----    ----
   IDATA SIZE       =   ----    ----
   BIT SIZE         =   ----    ----
END OF MODULE INFORMATION.


C51 COMPILATION COMPLETE.  1 WARNING(S),  0 ERROR(S)
